<?xml version="1.0" encoding="UTF-8"?>
<!-- Generated by org.testng.reporters.JUnitReportReporter -->
<testsuite hostname="ragavboom-PC" name="org.read.A" tests="3" failures="0" timestamp="23 Jun 2020 03:29:50 GMT" time="0.036" errors="0">
  <testcase name="test1" time="0.032" classname="org.read.A"/>
  <testcase name="test3" time="0.002" classname="org.read.A"/>
  <testcase name="test4" time="0.002" classname="org.read.A"/>
</testsuite> <!-- org.read.A -->
