<?xml version="1.0" encoding="UTF-8"?>
<!-- Generated by org.testng.reporters.JUnitReportReporter -->
<testsuite hostname="ragavboom-PC" name="org.read.Exection" tests="4" failures="0" timestamp="15 Jun 2020 06:31:06 GMT" time="0.124" errors="0">
  <testcase name="test4" time="0.031" classname="org.read.Exection"/>
  <testcase name="test3" time="0.031" classname="org.read.Exection"/>
  <testcase name="test2" time="0.031" classname="org.read.Exection"/>
  <testcase name="test5" time="0.031" classname="org.read.Exection"/>
</testsuite> <!-- org.read.Exection -->
