<?xml version="1.0" encoding="UTF-8"?>
<!-- Generated by org.testng.reporters.JUnitReportReporter -->
<testsuite hostname="ragavboom-PC" name="org.read.B" tests="2" failures="0" timestamp="7 Jul 2020 16:30:22 GMT" time="100.319" errors="0">
  <testcase name="launch" time="50.803" classname="org.read.B"/>
  <testcase name="launch" time="49.516" classname="org.read.B"/>
</testsuite> <!-- org.read.B -->
